<?xml version="1.0" encoding="UTF-8"?>
<!-- Generated by org.testng.reporters.JUnitReportReporter -->
<testsuite skipped="0" hostname="DESKTOP-E4661M5" name="com.erail.qa.Tests.HomePageTests" tests="4" failures="0" timestamp="26 Jan 2020 17:58:12 GMT" time="256.472" errors="0">
  <testcase name="VerifyHomePage" time="0.101" classname="com.erail.qa.Tests.HomePageTests"/>
  <testcase name="SearchTrain" time="7.162" classname="com.erail.qa.Tests.HomePageTests"/>
  <testcase name="SearchTrain" time="180.598" classname="com.erail.qa.Tests.HomePageTests"/>
  <testcase name="BestMacthTrain" time="68.611" classname="com.erail.qa.Tests.HomePageTests"/>
</testsuite> <!-- com.erail.qa.Tests.HomePageTests -->
